<?xml version="1.0" encoding="UTF-8"?>
<testng-results ignored="0" total="1" passed="1" failed="0" skipped="0">
  <reporter-output>
  </reporter-output>
  <suite started-at="2021-07-14T03:59:53Z" name="Default suite" finished-at="2021-07-14T04:00:20Z" duration-ms="26727">
    <groups>
    </groups>
    <test started-at="2021-07-14T03:59:53Z" name="Default test" finished-at="2021-07-14T04:00:20Z" duration-ms="26727">
      <class name="OrangeDemo">
        <test-method signature="testCase()[pri:0, instance:OrangeDemo@20435c40]" started-at="2021-07-14T03:59:53Z" name="testCase" finished-at="2021-07-14T04:00:20Z" duration-ms="26647" status="PASS">
          <reporter-output>
          </reporter-output>
        </test-method> <!-- testCase -->
      </class> <!-- OrangeDemo -->
    </test> <!-- Default test -->
  </suite> <!-- Default suite -->
</testng-results>
